<?xml version="1.0" encoding="UTF-8"?>
<!-- Generated by org.testng.reporters.JUnitXMLReporter -->
<testsuite hostname="EG-HGalal-2" ignored="0" name="ChromeTest" tests="1" failures="0" timestamp="21 Aug 2019 12:12:03 GMT" time="3.323" errors="0">
  <testcase name="@BeforeMethod beforeMethod" time="0.002" classname="tests.AddPlanRateDefinition">
    <failure type="java.lang.NullPointerException">
      <![CDATA[java.lang.NullPointerException
at pages.HiasLoginPage.NavigatetoURL(HiasLoginPage.java:26)
at tests.AddPlanRateDefinition.beforeMethod(AddPlanRateDefinition.java:60)
at java.util.concurrent.FutureTask.run(Unknown Source)
at java.util.concurrent.ThreadPoolExecutor.runWorker(Unknown Source)
at java.util.concurrent.ThreadPoolExecutor$Worker.run(Unknown Source)
at java.lang.Thread.run(Unknown Source)
... Removed 19 stack frames]]>
    </failure>
  </testcase> <!-- @BeforeMethod beforeMethod -->
  <testcase name="@AfterClass afterClass" time="0.0" classname="tests.AddPlanRateDefinition">
    <skipped/>
  </testcase> <!-- @AfterClass afterClass -->
  <testcase name="f1" time="0.0" classname="tests.AddPlanRateDefinition">
    <skipped/>
  </testcase> <!-- f1 -->
</testsuite> <!-- ChromeTest -->
