<?xml version="1.0" encoding="UTF-8"?>
<testng-results skipped="0" failed="0" ignored="0" total="1" passed="1">
  <reporter-output>
  </reporter-output>
  <suite name="Default suite" duration-ms="32973" started-at="2021-03-03T13:29:48Z" finished-at="2021-03-03T13:30:21Z">
    <groups>
    </groups>
    <test name="Default test" duration-ms="32973" started-at="2021-03-03T13:29:48Z" finished-at="2021-03-03T13:30:21Z">
      <class name="tests.AgentSettingsTest">
        <test-method status="PASS" signature="beforeClass()[pri:0, instance:tests.AgentSettingsTest@14bf9759]" name="beforeClass" is-config="true" duration-ms="8295" started-at="2021-03-03T13:29:49Z" finished-at="2021-03-03T13:29:57Z">
          <reporter-output>
          </reporter-output>
        </test-method> <!-- beforeClass -->
        <test-method status="PASS" signature="CheckAgentSetting(java.lang.String, java.lang.String, java.lang.String)[pri:0, instance:tests.AgentSettingsTest@14bf9759]" name="CheckAgentSetting" duration-ms="20782" started-at="2021-03-03T13:29:57Z" data-provider="CATSLogin" finished-at="2021-03-03T13:30:18Z">
          <params>
            <param index="0">
              <value>
                <![CDATA[PARTEEINS.AS]]>
              </value>
            </param>
            <param index="1">
              <value>
                <![CDATA[best2018]]>
              </value>
            </param>
            <param index="2">
              <value>
                <![CDATA[53357214]]>
              </value>
            </param>
          </params>
          <reporter-output>
          </reporter-output>
        </test-method> <!-- CheckAgentSetting -->
        <test-method status="PASS" signature="afterClass()[pri:0, instance:tests.AgentSettingsTest@14bf9759]" name="afterClass" is-config="true" duration-ms="3379" started-at="2021-03-03T13:30:18Z" finished-at="2021-03-03T13:30:21Z">
          <reporter-output>
          </reporter-output>
        </test-method> <!-- afterClass -->
      </class> <!-- tests.AgentSettingsTest -->
    </test> <!-- Default test -->
  </suite> <!-- Default suite -->
</testng-results>
