<?xml version="1.0" encoding="UTF-8"?>
<!-- Generated by org.testng.reporters.JUnitXMLReporter -->
<testsuite hostname="EG-HGalal-2" ignored="0" name="Validate Clear Criteria Button" tests="1" failures="1" timestamp="03 Sep 2019 09:35:23 GMT" time="7.908" errors="0">
  <testcase name="ValidateClearCriteriaBtn" time="0.006" classname="tests.ValidateClearCriteriaButton">
    <failure type="java.lang.Error" message="Unresolved compilation problems: 
	ExcelReader cannot be resolved
	ExcelReader cannot be resolved
">
      <![CDATA[java.lang.Error: Unresolved compilation problems: 
ExcelReader cannot be resolved
ExcelReader cannot be resolved

at tests.ValidateClearCriteriaButton.ValidateClearCriteriaBtn(ValidateClearCriteriaButton.java:47)
at java.util.concurrent.FutureTask.run(Unknown Source)
at java.util.concurrent.ThreadPoolExecutor.runWorker(Unknown Source)
at java.util.concurrent.ThreadPoolExecutor$Worker.run(Unknown Source)
at java.lang.Thread.run(Unknown Source)
... Removed 16 stack frames]]>
    </failure>
  </testcase> <!-- ValidateClearCriteriaBtn -->
</testsuite> <!-- Validate Clear Criteria Button -->
