<?xml version="1.0" encoding="UTF-8"?>
<!-- Generated by org.testng.reporters.JUnitXMLReporter -->
<testsuite hostname="EG-HGalal-2" ignored="0" name="Validate The Plan Errors" tests="2" failures="0" timestamp="31 Dec 2019 12:25:06 GMT" time="24.899" errors="0">
  <testcase name="ValidatethePlanNotFound" time="5.333" classname="tests.ValidateThePlanErrors"/>
  <testcase name="ValidatethePlanNotFound" time="3.193" classname="tests.ValidateThePlanErrors"/>
</testsuite> <!-- Validate The Plan Errors -->
