<?xml version="1.0" encoding="UTF-8"?>
<!-- Generated by org.testng.reporters.JUnitXMLReporter -->
<testsuite hostname="EG-HGalal-2" ignored="0" name="Validate The Plan Not Found" tests="2" failures="0" timestamp="11 Sep 2019 08:05:17 GMT" time="0.451" errors="0">
  <testcase name="@BeforeMethod setUp" time="0.0" classname="com.utility.TestBase">
    <failure type="org.testng.TestNGException" message="
Parameter &amp;apos;Browser&amp;apos; is required by BeforeMethod on method setUp but has not been marked @Optional or defined
in C:\Hossam\Automation\BESTDD\TestSuite\ErrorMessages.xml">
      <![CDATA[org.testng.TestNGException: 
Parameter 'Browser' is required by BeforeMethod on method setUp but has not been marked @Optional or defined
in C:\Hossam\Automation\BESTDD\TestSuite\ErrorMessages.xml
at java.util.concurrent.FutureTask.run(Unknown Source)
at java.util.concurrent.ThreadPoolExecutor.runWorker(Unknown Source)
at java.util.concurrent.ThreadPoolExecutor$Worker.run(Unknown Source)
at java.lang.Thread.run(Unknown Source)
... Removed 16 stack frames]]>
    </failure>
  </testcase> <!-- @BeforeMethod setUp -->
  <testcase name="@AfterMethod tearDown" time="0.0" classname="com.utility.TestBase">
    <skipped/>
  </testcase> <!-- @AfterMethod tearDown -->
  <testcase name="@BeforeMethod setUp" time="0.0" classname="com.utility.TestBase">
    <skipped/>
  </testcase> <!-- @BeforeMethod setUp -->
  <testcase name="@AfterMethod tearDown" time="0.0" classname="com.utility.TestBase">
    <skipped/>
  </testcase> <!-- @AfterMethod tearDown -->
  <testcase name="@AfterClass afterClass" time="0.0" classname="tests.ValidateThePlanNotFound">
    <skipped/>
  </testcase> <!-- @AfterClass afterClass -->
  <testcase name="ValidatethePlanNotFound" time="0.0" classname="tests.ValidateThePlanNotFound">
    <skipped/>
  </testcase> <!-- ValidatethePlanNotFound -->
  <testcase name="ValidatethePlanNotFound" time="0.0" classname="tests.ValidateThePlanNotFound">
    <skipped/>
  </testcase> <!-- ValidatethePlanNotFound -->
</testsuite> <!-- Validate The Plan Not Found -->
