<?xml version="1.0" encoding="UTF-8"?>
<!-- Generated by org.testng.reporters.JUnitXMLReporter -->
<testsuite hostname="EG-HGalal-2" ignored="0" name="Validate A salary-based plan schedule is selected and the Salary Benefit Limit is not populated in the plan detail." tests="1" failures="0" timestamp="04 Sep 2019 12:20:05 GMT" time="5.791" errors="0">
  <testcase name="ValidateplanScheduleErrorMessage" time="0.0" classname="tests.ValidatePlanScheduleErrorMessage">
    <skipped/>
  </testcase> <!-- ValidateplanScheduleErrorMessage -->
</testsuite> <!-- Validate A salary-based plan schedule is selected and the Salary Benefit Limit is not populated in the plan detail. -->
